<?xml version="1.0" encoding="UTF-8"?>
<!-- Generated by org.testng.reporters.JUnitReportReporter -->
<testsuite skipped="0" hostname="DESKTOP-RT1RM8J" name="com.learnautomation.testcases.LoginWithPOM" tests="6" failures="0" timestamp="2022-01-21T09:05:45 IST" time="34.904" errors="0">
  <testcase name="loginWithAdmin" time="7.771" classname="com.learnautomation.testcases.LoginWithPOM"/>
  <system-out/>
  <testcase name="loginWithAdmin" time="7.301" classname="com.learnautomation.testcases.LoginWithPOM"/>
  <system-out/>
  <testcase name="loginWithAdmin" time="8.780" classname="com.learnautomation.testcases.LoginWithPOM"/>
  <system-out/>
  <testcase name="logout" time="4.169" classname="com.learnautomation.testcases.LoginWithPOM"/>
  <system-out/>
  <testcase name="logout" time="1.818" classname="com.learnautomation.testcases.LoginWithPOM"/>
  <system-out/>
  <testcase name="logout" time="5.065" classname="com.learnautomation.testcases.LoginWithPOM"/>
  <system-out/>
</testsuite> <!-- com.learnautomation.testcases.LoginWithPOM -->
