<?xml version="1.0" encoding="UTF-8"?>
<!-- Generated by org.testng.reporters.JUnitReportReporter -->
<testsuite skipped="0" hostname="DESKTOP-RT1RM8J" name="com.learnautomation.testcases.LoginWithPOM" tests="2" failures="0" timestamp="2022-02-08T09:46:02 IST" time="6.556" errors="0">
  <testcase name="loginWithAdmin" time="5.231" classname="com.learnautomation.testcases.LoginWithPOM"/>
  <system-out/>
  <testcase name="logout" time="1.325" classname="com.learnautomation.testcases.LoginWithPOM"/>
  <system-out/>
</testsuite> <!-- com.learnautomation.testcases.LoginWithPOM -->
